SF:lib\core\error\exception.dart
DA:4,1
DA:10,0
DA:16,1
DA:22,1
LF:4
LH:3
end_of_record
SF:lib\features\profile\data\datasources\remote_datasource.dart
DA:16,1
DA:18,1
DA:20,2
DA:21,2
DA:23,2
DA:24,2
DA:25,1
DA:26,2
DA:27,1
DA:28,2
DA:29,1
DA:31,1
DA:35,1
DA:37,2
DA:38,2
DA:40,2
DA:41,2
DA:42,1
DA:43,1
DA:44,2
DA:45,1
DA:47,1
LF:22
LH:22
end_of_record
SF:lib\features\profile\data\models\profile_model.dart
DA:8,1
DA:14,1
DA:15,1
DA:20,1
DA:21,1
DA:22,1
DA:23,1
DA:24,1
DA:25,1
DA:26,1
DA:31,0
DA:32,0
DA:33,0
DA:34,0
DA:35,0
DA:36,0
DA:37,0
DA:42,1
DA:43,1
DA:45,3
DA:46,1
LF:21
LH:14
end_of_record
SF:lib\features\profile\domain\entities\profile.dart
DA:10,1
DA:17,1
DA:18,1
DA:19,1
DA:20,1
DA:21,1
DA:22,1
LF:7
LH:7
end_of_record
